<?xml version="1.0" encoding="UTF-8"?>
<!-- Generated by org.testng.reporters.JUnitReportReporter -->
<testsuite hostname="Akshay" failures="0" tests="2" name="stepDefinations.TestRunner" time="0.141" errors="0" timestamp="2024-12-18T21:31:17 IST" skipped="0">
  <testcase classname="stepDefinations.TestRunner" name="runScenario" time="0.130"/>
  <testcase classname="stepDefinations.TestRunner" name="runScenario" time="0.011"/>
</testsuite> <!-- stepDefinations.TestRunner -->
